cl : command line warning D9035: option 'Gm' has been deprecated and will be removed in a future release
  example1.cpp
F:\Đồ họa máy tính\BTL\BaiTHso3_2_project_Cube\GLSLExperiment\mat.h(581,5): warning C4566: character represented by universal-character-name '\u0110' cannot be represented in the current code page (1252)
F:\Đồ họa máy tính\BTL\BaiTHso3_2_project_Cube\GLSLExperiment\mat.h(581,5): warning C4566: character represented by universal-character-name '\u1ED3' cannot be represented in the current code page (1252)
F:\Đồ họa máy tính\BTL\BaiTHso3_2_project_Cube\GLSLExperiment\mat.h(581,5): warning C4566: character represented by universal-character-name '\u1ECD' cannot be represented in the current code page (1252)
F:\Đồ họa máy tính\BTL\BaiTHso3_2_project_Cube\GLSLExperiment\mat.h(770,5): warning C4566: character represented by universal-character-name '\u0110' cannot be represented in the current code page (1252)
F:\Đồ họa máy tính\BTL\BaiTHso3_2_project_Cube\GLSLExperiment\mat.h(770,5): warning C4566: character represented by universal-character-name '\u1ED3' cannot be represented in the current code page (1252)
F:\Đồ họa máy tính\BTL\BaiTHso3_2_project_Cube\GLSLExperiment\mat.h(770,5): warning C4566: character represented by universal-character-name '\u1ECD' cannot be represented in the current code page (1252)
F:\Đồ họa máy tính\BTL\BaiTHso3_2_project_Cube\GLSLExperiment\mat.h(777,5): warning C4566: character represented by universal-character-name '\u0110' cannot be represented in the current code page (1252)
F:\Đồ họa máy tính\BTL\BaiTHso3_2_project_Cube\GLSLExperiment\mat.h(777,5): warning C4566: character represented by universal-character-name '\u1ED3' cannot be represented in the current code page (1252)
F:\Đồ họa máy tính\BTL\BaiTHso3_2_project_Cube\GLSLExperiment\mat.h(777,5): warning C4566: character represented by universal-character-name '\u1ECD' cannot be represented in the current code page (1252)
F:\Đồ họa máy tính\BTL\BaiTHso3_2_project_Cube\GLSLExperiment\mat.h(784,5): warning C4566: character represented by universal-character-name '\u0110' cannot be represented in the current code page (1252)
F:\Đồ họa máy tính\BTL\BaiTHso3_2_project_Cube\GLSLExperiment\mat.h(784,5): warning C4566: character represented by universal-character-name '\u1ED3' cannot be represented in the current code page (1252)
F:\Đồ họa máy tính\BTL\BaiTHso3_2_project_Cube\GLSLExperiment\mat.h(784,5): warning C4566: character represented by universal-character-name '\u1ECD' cannot be represented in the current code page (1252)
F:\Đồ họa máy tính\BTL\BaiTHso3_2_project_Cube\GLSLExperiment\example1.cpp(144,41): warning C4305: 'argument': truncation from 'double' to 'GLfloat'
F:\Đồ họa máy tính\BTL\BaiTHso3_2_project_Cube\GLSLExperiment\example1.cpp(149,44): warning C4244: 'argument': conversion from 'double' to 'GLfloat', possible loss of data
F:\Đồ họa máy tính\BTL\BaiTHso3_2_project_Cube\GLSLExperiment\example1.cpp(149,35): warning C4244: 'argument': conversion from 'double' to 'GLfloat', possible loss of data
F:\Đồ họa máy tính\BTL\BaiTHso3_2_project_Cube\GLSLExperiment\example1.cpp(149,27): warning C4244: 'argument': conversion from 'double' to 'GLfloat', possible loss of data
F:\Đồ họa máy tính\BTL\BaiTHso3_2_project_Cube\GLSLExperiment\example1.cpp(164,20): warning C4305: 'initializing': truncation from 'double' to 'GLfloat'
F:\Đồ họa máy tính\BTL\BaiTHso3_2_project_Cube\GLSLExperiment\example1.cpp(164,33): warning C4305: 'initializing': truncation from 'double' to 'GLfloat'
F:\Đồ họa máy tính\BTL\BaiTHso3_2_project_Cube\GLSLExperiment\example1.cpp(164,46): warning C4305: 'initializing': truncation from 'double' to 'GLfloat'
F:\Đồ họa máy tính\BTL\BaiTHso3_2_project_Cube\GLSLExperiment\example1.cpp(176,32): warning C4305: 'argument': truncation from 'double' to 'const GLfloat'
F:\Đồ họa máy tính\BTL\BaiTHso3_2_project_Cube\GLSLExperiment\example1.cpp(183,52): warning C4305: 'argument': truncation from 'double' to 'const GLfloat'
F:\Đồ họa máy tính\BTL\BaiTHso3_2_project_Cube\GLSLExperiment\example1.cpp(189,26): warning C4305: 'argument': truncation from 'double' to 'GLfloat'
F:\Đồ họa máy tính\BTL\BaiTHso3_2_project_Cube\GLSLExperiment\example1.cpp(190,25): warning C4305: 'argument': truncation from 'double' to 'GLfloat'
F:\Đồ họa máy tính\BTL\BaiTHso3_2_project_Cube\GLSLExperiment\example1.cpp(191,26): warning C4305: 'argument': truncation from 'double' to 'GLfloat'
F:\Đồ họa máy tính\BTL\BaiTHso3_2_project_Cube\GLSLExperiment\example1.cpp(192,25): warning C4305: 'argument': truncation from 'double' to 'GLfloat'
F:\Đồ họa máy tính\BTL\BaiTHso3_2_project_Cube\GLSLExperiment\example1.cpp(193,27): warning C4305: 'argument': truncation from 'double' to 'GLfloat'
F:\Đồ họa máy tính\BTL\BaiTHso3_2_project_Cube\GLSLExperiment\example1.cpp(194,26): warning C4305: 'argument': truncation from 'double' to 'GLfloat'
F:\Đồ họa máy tính\BTL\BaiTHso3_2_project_Cube\GLSLExperiment\example1.cpp(195,27): warning C4305: 'argument': truncation from 'double' to 'GLfloat'
F:\Đồ họa máy tính\BTL\BaiTHso3_2_project_Cube\GLSLExperiment\example1.cpp(200,31): warning C4305: 'argument': truncation from 'double' to 'const GLfloat'
F:\Đồ họa máy tính\BTL\BaiTHso3_2_project_Cube\GLSLExperiment\example1.cpp(200,54): warning C4305: 'argument': truncation from 'double' to 'const GLfloat'
F:\Đồ họa máy tính\BTL\BaiTHso3_2_project_Cube\GLSLExperiment\example1.cpp(215,33): warning C4305: 'argument': truncation from 'double' to 'const GLfloat'
F:\Đồ họa máy tính\BTL\BaiTHso3_2_project_Cube\GLSLExperiment\example1.cpp(222,52): warning C4305: 'argument': truncation from 'double' to 'const GLfloat'
F:\Đồ họa máy tính\BTL\BaiTHso3_2_project_Cube\GLSLExperiment\example1.cpp(230,26): warning C4305: 'argument': truncation from 'double' to 'GLfloat'
F:\Đồ họa máy tính\BTL\BaiTHso3_2_project_Cube\GLSLExperiment\example1.cpp(231,25): warning C4305: 'argument': truncation from 'double' to 'GLfloat'
F:\Đồ họa máy tính\BTL\BaiTHso3_2_project_Cube\GLSLExperiment\example1.cpp(238,35): warning C4305: 'argument': truncation from 'double' to 'const GLfloat'
F:\Đồ họa máy tính\BTL\BaiTHso3_2_project_Cube\GLSLExperiment\example1.cpp(238,59): warning C4305: 'argument': truncation from 'double' to 'const GLfloat'
F:\Đồ họa máy tính\BTL\BaiTHso3_2_project_Cube\GLSLExperiment\example1.cpp(245,35): warning C4305: 'argument': truncation from 'double' to 'const GLfloat'
F:\Đồ họa máy tính\BTL\BaiTHso3_2_project_Cube\GLSLExperiment\example1.cpp(245,60): warning C4305: 'argument': truncation from 'double' to 'const GLfloat'
F:\Đồ họa máy tính\BTL\BaiTHso3_2_project_Cube\GLSLExperiment\example1.cpp(252,35): warning C4305: 'argument': truncation from 'double' to 'const GLfloat'
F:\Đồ họa máy tính\BTL\BaiTHso3_2_project_Cube\GLSLExperiment\example1.cpp(252,60): warning C4305: 'argument': truncation from 'double' to 'const GLfloat'
F:\Đồ họa máy tính\BTL\BaiTHso3_2_project_Cube\GLSLExperiment\example1.cpp(267,34): warning C4305: 'argument': truncation from 'double' to 'const GLfloat'
F:\Đồ họa máy tính\BTL\BaiTHso3_2_project_Cube\GLSLExperiment\example1.cpp(267,60): warning C4305: 'argument': truncation from 'double' to 'const GLfloat'
F:\Đồ họa máy tính\BTL\BaiTHso3_2_project_Cube\GLSLExperiment\example1.cpp(274,39): warning C4305: 'argument': truncation from 'double' to 'const GLfloat'
F:\Đồ họa máy tính\BTL\BaiTHso3_2_project_Cube\GLSLExperiment\example1.cpp(274,64): warning C4305: 'argument': truncation from 'double' to 'const GLfloat'
F:\Đồ họa máy tính\BTL\BaiTHso3_2_project_Cube\GLSLExperiment\example1.cpp(282,38): warning C4305: 'argument': truncation from 'double' to 'const GLfloat'
F:\Đồ họa máy tính\BTL\BaiTHso3_2_project_Cube\GLSLExperiment\example1.cpp(282,64): warning C4305: 'argument': truncation from 'double' to 'const GLfloat'
F:\Đồ họa máy tính\BTL\BaiTHso3_2_project_Cube\GLSLExperiment\example1.cpp(290,38): warning C4305: 'argument': truncation from 'double' to 'const GLfloat'
F:\Đồ họa máy tính\BTL\BaiTHso3_2_project_Cube\GLSLExperiment\example1.cpp(290,64): warning C4305: 'argument': truncation from 'double' to 'const GLfloat'
F:\Đồ họa máy tính\BTL\BaiTHso3_2_project_Cube\GLSLExperiment\example1.cpp(298,35): warning C4305: 'argument': truncation from 'double' to 'const GLfloat'
F:\Đồ họa máy tính\BTL\BaiTHso3_2_project_Cube\GLSLExperiment\example1.cpp(298,61): warning C4305: 'argument': truncation from 'double' to 'const GLfloat'
F:\Đồ họa máy tính\BTL\BaiTHso3_2_project_Cube\GLSLExperiment\example1.cpp(305,34): warning C4305: 'argument': truncation from 'double' to 'const GLfloat'
F:\Đồ họa máy tính\BTL\BaiTHso3_2_project_Cube\GLSLExperiment\example1.cpp(305,60): warning C4305: 'argument': truncation from 'double' to 'const GLfloat'
F:\Đồ họa máy tính\BTL\BaiTHso3_2_project_Cube\GLSLExperiment\example1.cpp(312,54): warning C4305: 'argument': truncation from 'double' to 'const GLfloat'
F:\Đồ họa máy tính\BTL\BaiTHso3_2_project_Cube\GLSLExperiment\example1.cpp(318,27): warning C4305: 'argument': truncation from 'double' to 'GLfloat'
F:\Đồ họa máy tính\BTL\BaiTHso3_2_project_Cube\GLSLExperiment\example1.cpp(319,26): warning C4305: 'argument': truncation from 'double' to 'GLfloat'
F:\Đồ họa máy tính\BTL\BaiTHso3_2_project_Cube\GLSLExperiment\example1.cpp(320,27): warning C4305: 'argument': truncation from 'double' to 'GLfloat'
F:\Đồ họa máy tính\BTL\BaiTHso3_2_project_Cube\GLSLExperiment\example1.cpp(321,26): warning C4305: 'argument': truncation from 'double' to 'GLfloat'
F:\Đồ họa máy tính\BTL\BaiTHso3_2_project_Cube\GLSLExperiment\example1.cpp(322,27): warning C4305: 'argument': truncation from 'double' to 'GLfloat'
F:\Đồ họa máy tính\BTL\BaiTHso3_2_project_Cube\GLSLExperiment\example1.cpp(323,26): warning C4305: 'argument': truncation from 'double' to 'GLfloat'
F:\Đồ họa máy tính\BTL\BaiTHso3_2_project_Cube\GLSLExperiment\example1.cpp(324,27): warning C4305: 'argument': truncation from 'double' to 'GLfloat'
F:\Đồ họa máy tính\BTL\BaiTHso3_2_project_Cube\GLSLExperiment\example1.cpp(325,26): warning C4305: 'argument': truncation from 'double' to 'GLfloat'
F:\Đồ họa máy tính\BTL\BaiTHso3_2_project_Cube\GLSLExperiment\example1.cpp(326,27): warning C4305: 'argument': truncation from 'double' to 'GLfloat'
F:\Đồ họa máy tính\BTL\BaiTHso3_2_project_Cube\GLSLExperiment\example1.cpp(327,26): warning C4305: 'argument': truncation from 'double' to 'GLfloat'
F:\Đồ họa máy tính\BTL\BaiTHso3_2_project_Cube\GLSLExperiment\example1.cpp(333,38): warning C4305: 'argument': truncation from 'double' to 'const GLfloat'
F:\Đồ họa máy tính\BTL\BaiTHso3_2_project_Cube\GLSLExperiment\example1.cpp(333,66): warning C4305: 'argument': truncation from 'double' to 'const GLfloat'
F:\Đồ họa máy tính\BTL\BaiTHso3_2_project_Cube\GLSLExperiment\example1.cpp(340,39): warning C4305: 'argument': truncation from 'double' to 'const GLfloat'
F:\Đồ họa máy tính\BTL\BaiTHso3_2_project_Cube\GLSLExperiment\example1.cpp(340,67): warning C4305: 'argument': truncation from 'double' to 'const GLfloat'
F:\Đồ họa máy tính\BTL\BaiTHso3_2_project_Cube\GLSLExperiment\example1.cpp(347,34): warning C4305: 'argument': truncation from 'double' to 'const GLfloat'
F:\Đồ họa máy tính\BTL\BaiTHso3_2_project_Cube\GLSLExperiment\example1.cpp(347,61): warning C4305: 'argument': truncation from 'double' to 'const GLfloat'
F:\Đồ họa máy tính\BTL\BaiTHso3_2_project_Cube\GLSLExperiment\example1.cpp(376,53): warning C4305: 'argument': truncation from 'double' to 'const GLfloat'
F:\Đồ họa máy tính\BTL\BaiTHso3_2_project_Cube\GLSLExperiment\example1.cpp(386,13): warning C4305: '+=': truncation from 'double' to 'GLfloat'
F:\Đồ họa máy tính\BTL\BaiTHso3_2_project_Cube\GLSLExperiment\example1.cpp(387,20): warning C4305: 'argument': truncation from 'double' to 'GLfloat'
F:\Đồ họa máy tính\BTL\BaiTHso3_2_project_Cube\GLSLExperiment\example1.cpp(396,13): warning C4305: '+=': truncation from 'double' to 'GLfloat'
F:\Đồ họa máy tính\BTL\BaiTHso3_2_project_Cube\GLSLExperiment\example1.cpp(397,21): warning C4305: 'argument': truncation from 'double' to 'GLfloat'
F:\Đồ họa máy tính\BTL\BaiTHso3_2_project_Cube\GLSLExperiment\example1.cpp(403,20): warning C4305: 'initializing': truncation from 'double' to 'GLfloat'
F:\Đồ họa máy tính\BTL\BaiTHso3_2_project_Cube\GLSLExperiment\example1.cpp(406,13): warning C4305: '+=': truncation from 'double' to 'GLfloat'
F:\Đồ họa máy tính\BTL\BaiTHso3_2_project_Cube\GLSLExperiment\example1.cpp(407,21): warning C4305: 'argument': truncation from 'double' to 'GLfloat'
F:\Đồ họa máy tính\BTL\BaiTHso3_2_project_Cube\GLSLExperiment\example1.cpp(412,20): warning C4305: 'initializing': truncation from 'double' to 'GLfloat'
F:\Đồ họa máy tính\BTL\BaiTHso3_2_project_Cube\GLSLExperiment\example1.cpp(415,13): warning C4305: '+=': truncation from 'double' to 'GLfloat'
F:\Đồ họa máy tính\BTL\BaiTHso3_2_project_Cube\GLSLExperiment\example1.cpp(416,20): warning C4305: 'argument': truncation from 'double' to 'GLfloat'
F:\Đồ họa máy tính\BTL\BaiTHso3_2_project_Cube\GLSLExperiment\example1.cpp(434,30): warning C4305: 'argument': truncation from 'double' to 'const GLfloat'
F:\Đồ họa máy tính\BTL\BaiTHso3_2_project_Cube\GLSLExperiment\example1.cpp(441,32): warning C4305: 'argument': truncation from 'double' to 'const GLfloat'
F:\Đồ họa máy tính\BTL\BaiTHso3_2_project_Cube\GLSLExperiment\example1.cpp(441,57): warning C4305: 'argument': truncation from 'double' to 'const GLfloat'
F:\Đồ họa máy tính\BTL\BaiTHso3_2_project_Cube\GLSLExperiment\example1.cpp(448,39): warning C4305: 'argument': truncation from 'double' to 'const GLfloat'
F:\Đồ họa máy tính\BTL\BaiTHso3_2_project_Cube\GLSLExperiment\example1.cpp(448,65): warning C4305: 'argument': truncation from 'double' to 'const GLfloat'
F:\Đồ họa máy tính\BTL\BaiTHso3_2_project_Cube\GLSLExperiment\example1.cpp(455,38): warning C4305: 'argument': truncation from 'double' to 'const GLfloat'
F:\Đồ họa máy tính\BTL\BaiTHso3_2_project_Cube\GLSLExperiment\example1.cpp(455,64): warning C4305: 'argument': truncation from 'double' to 'const GLfloat'
F:\Đồ họa máy tính\BTL\BaiTHso3_2_project_Cube\GLSLExperiment\example1.cpp(461,30): warning C4305: 'argument': truncation from 'double' to 'const GLfloat'
F:\Đồ họa máy tính\BTL\BaiTHso3_2_project_Cube\GLSLExperiment\example1.cpp(485,32): warning C4305: 'argument': truncation from 'double' to 'const GLfloat'
F:\Đồ họa máy tính\BTL\BaiTHso3_2_project_Cube\GLSLExperiment\example1.cpp(493,34): warning C4305: 'argument': truncation from 'double' to 'GLfloat'
F:\Đồ họa máy tính\BTL\BaiTHso3_2_project_Cube\GLSLExperiment\example1.cpp(494,33): warning C4305: 'argument': truncation from 'double' to 'GLfloat'
F:\Đồ họa máy tính\BTL\BaiTHso3_2_project_Cube\GLSLExperiment\example1.cpp(496,32): warning C4305: 'argument': truncation from 'double' to 'GLfloat'
F:\Đồ họa máy tính\BTL\BaiTHso3_2_project_Cube\GLSLExperiment\example1.cpp(497,32): warning C4305: 'argument': truncation from 'double' to 'GLfloat'
F:\Đồ họa máy tính\BTL\BaiTHso3_2_project_Cube\GLSLExperiment\example1.cpp(502,35): warning C4305: 'argument': truncation from 'double' to 'const GLfloat'
F:\Đồ họa máy tính\BTL\BaiTHso3_2_project_Cube\GLSLExperiment\example1.cpp(537,12): warning C4305: '+=': truncation from 'double' to 'GLfloat'
F:\Đồ họa máy tính\BTL\BaiTHso3_2_project_Cube\GLSLExperiment\example1.cpp(541,12): warning C4305: '-=': truncation from 'double' to 'GLfloat'
F:\Đồ họa máy tính\BTL\BaiTHso3_2_project_Cube\GLSLExperiment\example1.cpp(545,12): warning C4305: '+=': truncation from 'double' to 'GLfloat'
F:\Đồ họa máy tính\BTL\BaiTHso3_2_project_Cube\GLSLExperiment\example1.cpp(549,12): warning C4305: '-=': truncation from 'double' to 'GLfloat'
F:\Đồ họa máy tính\BTL\BaiTHso3_2_project_Cube\GLSLExperiment\example1.cpp(569,12): warning C4305: '+=': truncation from 'double' to 'GLfloat'
F:\Đồ họa máy tính\BTL\BaiTHso3_2_project_Cube\GLSLExperiment\example1.cpp(573,12): warning C4305: '-=': truncation from 'double' to 'GLfloat'
F:\Đồ họa máy tính\BTL\BaiTHso3_2_project_Cube\GLSLExperiment\example1.cpp(577,12): warning C4305: '+=': truncation from 'double' to 'GLfloat'
F:\Đồ họa máy tính\BTL\BaiTHso3_2_project_Cube\GLSLExperiment\example1.cpp(581,12): warning C4305: '-=': truncation from 'double' to 'GLfloat'
F:\Đồ họa máy tính\BTL\BaiTHso3_2_project_Cube\GLSLExperiment\example1.cpp(605,15): warning C4305: '-=': truncation from 'double' to 'GLfloat'
F:\Đồ họa máy tính\BTL\BaiTHso3_2_project_Cube\GLSLExperiment\example1.cpp(606,15): warning C4305: '+=': truncation from 'double' to 'GLfloat'
F:\Đồ họa máy tính\BTL\BaiTHso3_2_project_Cube\GLSLExperiment\example1.cpp(609,15): warning C4305: '+=': truncation from 'double' to 'GLfloat'
F:\Đồ họa máy tính\BTL\BaiTHso3_2_project_Cube\GLSLExperiment\example1.cpp(610,15): warning C4305: '+=': truncation from 'double' to 'GLfloat'
F:\Đồ họa máy tính\BTL\BaiTHso3_2_project_Cube\GLSLExperiment\example1.cpp(613,15): warning C4305: '+=': truncation from 'double' to 'GLfloat'
F:\Đồ họa máy tính\BTL\BaiTHso3_2_project_Cube\GLSLExperiment\example1.cpp(614,15): warning C4305: '-=': truncation from 'double' to 'GLfloat'
F:\Đồ họa máy tính\BTL\BaiTHso3_2_project_Cube\GLSLExperiment\example1.cpp(617,15): warning C4305: '-=': truncation from 'double' to 'GLfloat'
F:\Đồ họa máy tính\BTL\BaiTHso3_2_project_Cube\GLSLExperiment\example1.cpp(618,15): warning C4305: '-=': truncation from 'double' to 'GLfloat'
F:\Đồ họa máy tính\BTL\BaiTHso3_2_project_Cube\GLSLExperiment\example1.cpp(627,15): warning C4305: '+=': truncation from 'double' to 'GLfloat'
F:\Đồ họa máy tính\BTL\BaiTHso3_2_project_Cube\GLSLExperiment\example1.cpp(628,15): warning C4305: '+=': truncation from 'double' to 'GLfloat'
F:\Đồ họa máy tính\BTL\BaiTHso3_2_project_Cube\GLSLExperiment\example1.cpp(631,15): warning C4305: '-=': truncation from 'double' to 'GLfloat'
F:\Đồ họa máy tính\BTL\BaiTHso3_2_project_Cube\GLSLExperiment\example1.cpp(632,15): warning C4305: '+=': truncation from 'double' to 'GLfloat'
F:\Đồ họa máy tính\BTL\BaiTHso3_2_project_Cube\GLSLExperiment\example1.cpp(635,15): warning C4305: '-=': truncation from 'double' to 'GLfloat'
F:\Đồ họa máy tính\BTL\BaiTHso3_2_project_Cube\GLSLExperiment\example1.cpp(636,15): warning C4305: '-=': truncation from 'double' to 'GLfloat'
F:\Đồ họa máy tính\BTL\BaiTHso3_2_project_Cube\GLSLExperiment\example1.cpp(639,15): warning C4305: '+=': truncation from 'double' to 'GLfloat'
F:\Đồ họa máy tính\BTL\BaiTHso3_2_project_Cube\GLSLExperiment\example1.cpp(640,15): warning C4305: '-=': truncation from 'double' to 'GLfloat'
  GLSLExperiment.vcxproj -> F:\Đồ họa máy tính\BTL\BaiTHso3_2_project_Cube\Debug\GLSLExperiment.exe
